3a28caba0178e2b126,17276c26012c3e4e82,4da8d5f102c9540306	
3544844b01ee6b1a93,c8987a20013848dfe7,6094531001e6bcaa3e	
9c0ab41d018e211a86,d1b969ea017de4857b,921045ee02f12cd97f	
d0d04683023dd82c4b,cc02a73601e1558d9b	
af6c864c029627b585,dc20544a01bfd1d222	
98f395a3028849261b,aa54780e02168fa5f5,13ecd9c7019ae09f68	
e3b242820219703371	
cc6f29b7013823b7d0	
e8427d3002c1f0d7a3,9fe57489022ca12849,28b5f231028fca48b1,12838af7023fadaff6	
ff67e65b024bc0ec7b,f2554eb10218a2a680,c367d801016792f4b3	
3d5b0bd6010b373929,1156e3b7011e51cb57	
ec9e3eb501e2264126	
84b17903012e292c7e,c95ce35c0120a21ce8	
7e5b69f90178b95131,dd98762f01625ccb0d,5b2ac4e4011d58066d	
f5af17560110461c25,46d78320010c1b29a2,3fcf5ac401a2515387,1ebe50eb02fb217b0e,3283a59b01815807ee	
6dc3cd7601a15659cf,b7a6866902ee870039	
58565c1301b8fbdf85,3cb3e9be02d24eba8e,25d414f402a3caffe8,9994a89b01f7419159	
37410cad0222c551a1,68311a5e016a50512a,005de6d9013d44c322	
e0b912f302329159bf,7874f2be01116cdeea,bd54eda9018bd7e5c8,856129aa029b21c08a,10a35ece019bd6b363	
d338bc3702aa37723d,501d702002a8a2831e	
010fc97d01ffb8778d,2a4c224a021c0b63db,092588b302714c220b,0348edb20137ffa999	
87cce9e2019f3ebf1f,4adb1e98016dea3501	
e551651801ee41be23	
b8bef3550117f10941	
9876e15c018e32075e,86b3969c01ee3973bc,627280bc02f4223d4b	
eb6a2f9b012fffb911,91f6a105014bbd51c3,e94f214e022b30de61,392716df01e1fa5fed,03a725a402ef23aa6f	
674cf2200276c8b84d,404c2a210164c462b8	
dd3280bf02f6309487,c68b5029026897edb5,c7ee6cc401209576cd,bf980df701a4ffcae6	
a544c3cd02916dd11d,dc9a9f4101220683a9,612135190138dd8b2a,33c0645902668f54ed	
25ba4c7d017ccc3bfa,d57cc5e202029fc7f0,6382065602b645cd4b	
88da1bd0010fdeed95	
a9f45fb702d13b346a	
f597974801b6bd5274,33b79ab702191b2623,19045c1a014e2e91f9,98fef1cd025eb04618	
f5fe95a4019ab3caf9,938bea38010b37f429,53853e19027d3c7f11,800b795801c74b8870,1fa0c292029e396359	
071b666f025ccc6e8e,cc440c61023b737c80,14aa4e70017eb6db61,e3b2f614018e708799,b9e23b4f029a40160b	
11db72370146dd5ae1,6d45e39b0115b50bb5,d7f9db7d02df1762a0	
978434d60141443192,6baea2f502c750add1,24e4294d019594d01f	
3b5b947201623cab98,f5604476017abb401c,d5cc3a4e0175676b08,5f5fbd8801c979002f	
a60f8b10027de7d838,c96a06b1028e5c7285,453bfe45018193a0a9,48f444220258ba19a4	
96876c0801337b9b26	
7f1f5f9a02c94eeb93	
11429df902242b5700	
c182b84d011bf785db,7a540d5b02bd5a1bcf,9d2456b3017a1dc35f,0be4e475019d67eadf	
f7b68dfb027e32fd95,df4bf093010c5af0fa	
d97f04de0285342fd0,fcaa819f01e6248525	
9565087b01ea2cd211,cf2bd07b02d6476ee2,8e763945026ff9bf6c,ef5dc91c0241ba3b38,f14058f20214320cbc	
e0af577201d03ced1e,7f0f30c601af1b9579,362588aa0117eb1b8e,08f4c65602cdddc615,f62e609802e2467f0c	
6595a88a01be553184	
3c253150025563aad8	
78852d79014406343f,d138c66401b33c99cb,58a237da02c865a874,df40ff9301beed7d11	
