los_angeles	0.975
external_links	0.95
united_states	0.885
prime_minister	0.882
singer_songwriter	0.878
san_francisco	0.856
isbn_978	0.843
new_york	0.792
supreme_court	0.779
19th_century	0.768
20th_century	0.76
references_external	0.733
soviet_union	0.73
science_fiction	0.724
e_g	0.723
et_al	0.718
isbn_0	0.713
air_force	0.699
don_t	0.69
united_kingdom	0.688
university_press	0.685
baseball_player	0.681
roman_catholic	0.68
18th_century	0.679
references_reading	0.671
notes_references	0.663
978_0	0.655
new_zealand	0.654
award_best	0.646
north_america	0.64
civil_war	0.639
x_y	0.633
catholic_church	0.625
south_africa	0.619
war_ii	0.613
took_place	0.612
world_war	0.609
united_nations	0.609
roman_empire	0.606
